TN:
SF:src\App.provider.tsx
FN:9,(anonymous_0)
FNF:1
FNH:0
FNDA:0,(anonymous_0)
DA:9,0
DA:10,0
LF:2
LH:0
BRF:0
BRH:0
end_of_record
TN:
SF:src\App.tsx
FN:9,(anonymous_0)
FN:17,(anonymous_1)
FNF:2
FNH:0
FNDA:0,(anonymous_0)
FNDA:0,(anonymous_1)
DA:9,0
DA:10,0
DA:17,0
DA:18,0
LF:4
LH:0
BRF:0
BRH:0
end_of_record
TN:
SF:src\components\cardEvent\cardEvent.component.tsx
FN:7,(anonymous_0)
FNF:1
FNH:0
FNDA:0,(anonymous_0)
DA:7,5
DA:14,0
LF:2
LH:1
BRF:0
BRH:0
end_of_record
TN:
SF:src\components\cardProduct\cardProduct.component.tsx
FN:6,(anonymous_0)
FNF:1
FNH:0
FNDA:0,(anonymous_0)
DA:6,5
DA:11,0
LF:2
LH:1
BRF:0
BRH:0
end_of_record
TN:
SF:src\components\cardStore\cardStore.component.tsx
FN:9,(anonymous_0)
FN:18,(anonymous_1)
FN:20,(anonymous_2)
FN:26,(anonymous_3)
FN:38,(anonymous_4)
FN:50,(anonymous_5)
FN:54,(anonymous_6)
FNF:7
FNH:0
FNDA:0,(anonymous_0)
FNDA:0,(anonymous_1)
FNDA:0,(anonymous_2)
FNDA:0,(anonymous_3)
FNDA:0,(anonymous_4)
FNDA:0,(anonymous_5)
FNDA:0,(anonymous_6)
DA:9,5
DA:18,0
DA:19,0
DA:20,0
DA:21,0
DA:26,0
DA:28,0
DA:31,0
DA:33,0
DA:34,0
DA:37,0
DA:38,0
DA:42,0
DA:50,0
DA:54,0
LF:15
LH:1
BRDA:19,0,0,0
BRDA:19,0,1,0
BRDA:31,1,0,0
BRDA:31,1,1,0
BRDA:33,2,0,0
BRDA:33,2,1,0
BRDA:50,3,0,0
BRDA:50,3,1,0
BRDA:54,4,0,0
BRDA:54,4,1,0
BRF:10
BRH:0
end_of_record
TN:
SF:src\components\cardUser\cardUser.component.tsx
FN:7,(anonymous_0)
FNF:1
FNH:0
FNDA:0,(anonymous_0)
DA:7,5
DA:8,0
LF:2
LH:1
BRDA:13,0,0,0
BRDA:13,0,1,0
BRF:2
BRH:0
end_of_record
TN:
SF:src\components\customButton\customButton.components.tsx
FN:6,(anonymous_0)
FNF:1
FNH:0
FNDA:0,(anonymous_0)
DA:6,5
DA:7,0
LF:2
LH:1
BRF:0
BRH:0
end_of_record
TN:
SF:src\components\floatButton\floatButton.components.tsx
FN:7,(anonymous_0)
FN:18,(anonymous_1)
FNF:2
FNH:2
FNDA:6,(anonymous_0)
FNDA:1,(anonymous_1)
DA:7,5
DA:15,6
DA:16,6
DA:18,6
DA:19,1
DA:20,1
DA:21,1
DA:22,1
DA:24,1
DA:27,6
LF:10
LH:10
BRDA:33,0,0,3
BRDA:33,0,1,3
BRF:2
BRH:2
end_of_record
TN:
SF:src\components\header\header.component.tsx
FN:11,(anonymous_0)
FN:20,(anonymous_1)
FN:43,(anonymous_2)
FNF:3
FNH:2
FNDA:6,(anonymous_0)
FNDA:1,(anonymous_1)
FNDA:0,(anonymous_2)
DA:11,5
DA:15,6
DA:16,6
DA:20,1
LF:4
LH:4
BRDA:13,0,0,5
BRDA:19,1,0,2
BRDA:19,1,1,4
BRF:3
BRH:3
end_of_record
TN:
SF:src\components\inputCustom\inputCustom.components.tsx
FN:10,(anonymous_0)
FNF:1
FNH:1
FNDA:3,(anonymous_0)
DA:10,5
DA:11,3
DA:12,3
DA:14,3
DA:15,1
DA:16,2
DA:17,1
DA:20,3
LF:8
LH:8
BRDA:14,0,0,1
BRDA:14,0,1,2
BRDA:16,1,0,1
BRDA:16,1,1,1
BRF:4
BRH:4
end_of_record
TN:
SF:src\components\sectionImage\sectionImage.component.tsx
FN:6,(anonymous_0)
FNF:1
FNH:1
FNDA:5,(anonymous_0)
DA:6,5
DA:11,5
LF:2
LH:2
BRF:0
BRH:0
end_of_record
TN:
SF:src\components\textIntro\textIntro.components.tsx
FN:11,(anonymous_0)
FNF:1
FNH:1
FNDA:4,(anonymous_0)
DA:11,5
DA:12,4
LF:2
LH:2
BRDA:17,0,0,4
BRDA:17,0,1,2
BRF:2
BRH:2
end_of_record
TN:
SF:src\hooks\Auth\auth.hook.tsx
FN:7,(anonymous_0)
FN:16,useAuth
FNF:2
FNH:0
FNDA:0,(anonymous_0)
FNDA:0,useAuth
DA:5,0
DA:7,0
DA:9,0
DA:11,0
DA:17,0
DA:19,0
DA:20,0
DA:23,0
LF:8
LH:0
BRDA:19,0,0,0
BRDA:19,0,1,0
BRF:2
BRH:0
end_of_record
TN:
SF:src\hooks\Auth\index.tsx
FNF:0
FNH:0
LF:0
LH:0
BRF:0
BRH:0
end_of_record
TN:
SF:src\pages\Forgot\forgot.page.tsx
FN:7,(anonymous_0)
FN:17,(anonymous_1)
FN:19,(anonymous_2)
FN:22,(anonymous_3)
FNF:4
FNH:0
FNDA:0,(anonymous_0)
FNDA:0,(anonymous_1)
FNDA:0,(anonymous_2)
FNDA:0,(anonymous_3)
DA:7,0
DA:8,0
DA:9,0
DA:19,0
DA:22,0
LF:5
LH:0
BRF:0
BRH:0
end_of_record
TN:
SF:src\pages\Home\home.page.tsx
FN:14,(anonymous_0)
FN:28,(anonymous_1)
FN:36,(anonymous_2)
FN:45,(anonymous_3)
FN:52,(anonymous_4)
FN:61,(anonymous_5)
FNF:6
FNH:0
FNDA:0,(anonymous_0)
FNDA:0,(anonymous_1)
FNDA:0,(anonymous_2)
FNDA:0,(anonymous_3)
FNDA:0,(anonymous_4)
FNDA:0,(anonymous_5)
DA:14,0
DA:15,0
DA:16,0
DA:28,0
DA:36,0
DA:52,0
DA:61,0
LF:7
LH:0
BRF:0
BRH:0
end_of_record
TN:
SF:src\pages\Login\login.page.tsx
FN:7,(anonymous_0)
FN:18,(anonymous_1)
FN:20,(anonymous_2)
FN:23,(anonymous_3)
FNF:4
FNH:0
FNDA:0,(anonymous_0)
FNDA:0,(anonymous_1)
FNDA:0,(anonymous_2)
FNDA:0,(anonymous_3)
DA:7,0
DA:8,0
DA:9,0
DA:20,0
DA:23,0
LF:5
LH:0
BRF:0
BRH:0
end_of_record
TN:
SF:src\pages\Register\register.page.tsx
FN:8,(anonymous_0)
FN:20,(anonymous_1)
FN:22,(anonymous_2)
FNF:3
FNH:0
FNDA:0,(anonymous_0)
FNDA:0,(anonymous_1)
FNDA:0,(anonymous_2)
DA:8,0
DA:9,0
DA:10,0
DA:22,0
LF:4
LH:0
BRF:0
BRH:0
end_of_record
TN:
SF:src\pages\Store\store.page.tsx
FN:12,(anonymous_0)
FN:15,(anonymous_1)
FN:19,(anonymous_2)
FN:26,(anonymous_3)
FN:30,(anonymous_4)
FN:48,(anonymous_5)
FN:58,(anonymous_6)
FNF:7
FNH:0
FNDA:0,(anonymous_0)
FNDA:0,(anonymous_1)
FNDA:0,(anonymous_2)
FNDA:0,(anonymous_3)
FNDA:0,(anonymous_4)
FNDA:0,(anonymous_5)
FNDA:0,(anonymous_6)
DA:12,0
DA:13,0
DA:15,0
DA:16,0
DA:19,0
DA:26,0
DA:27,0
DA:30,0
DA:37,0
DA:48,0
DA:58,0
LF:11
LH:0
BRF:0
BRH:0
end_of_record
TN:
SF:src\pages\Store\components\StoreCard.tsx
FN:6,(anonymous_0)
FNF:1
FNH:0
FNDA:0,(anonymous_0)
DA:6,0
DA:14,0
LF:2
LH:0
BRDA:16,0,0,0
BRDA:16,0,1,0
BRF:2
BRH:0
end_of_record
TN:
SF:src\pages\StoreDetails\storeDetails.page.tsx
FN:8,(anonymous_0)
FN:34,(anonymous_1)
FN:37,(anonymous_2)
FN:62,(anonymous_3)
FNF:4
FNH:0
FNDA:0,(anonymous_0)
FNDA:0,(anonymous_1)
FNDA:0,(anonymous_2)
FNDA:0,(anonymous_3)
DA:8,0
DA:9,0
LF:2
LH:0
BRF:0
BRH:0
end_of_record
TN:
SF:src\pages\event\event.components.tsx
FN:12,(anonymous_0)
FN:15,(anonymous_1)
FN:19,(anonymous_2)
FN:26,(anonymous_3)
FN:30,(anonymous_4)
FN:48,(anonymous_5)
FN:58,(anonymous_6)
FNF:7
FNH:0
FNDA:0,(anonymous_0)
FNDA:0,(anonymous_1)
FNDA:0,(anonymous_2)
FNDA:0,(anonymous_3)
FNDA:0,(anonymous_4)
FNDA:0,(anonymous_5)
FNDA:0,(anonymous_6)
DA:12,0
DA:13,0
DA:15,0
DA:16,0
DA:19,0
DA:26,0
DA:27,0
DA:30,0
DA:37,0
DA:48,0
DA:58,0
LF:11
LH:0
BRF:0
BRH:0
end_of_record
TN:
SF:src\pages\event\components\EventCard.tsx
FN:6,(anonymous_0)
FNF:1
FNH:0
FNDA:0,(anonymous_0)
DA:6,0
DA:14,0
LF:2
LH:0
BRDA:16,0,0,0
BRDA:16,0,1,0
BRF:2
BRH:0
end_of_record
TN:
SF:src\pages\eventDetails\eventDetails.page.tsx
FN:8,(anonymous_0)
FN:34,(anonymous_1)
FN:37,(anonymous_2)
FN:62,(anonymous_3)
FNF:4
FNH:0
FNDA:0,(anonymous_0)
FNDA:0,(anonymous_1)
FNDA:0,(anonymous_2)
FNDA:0,(anonymous_3)
DA:8,0
DA:9,0
LF:2
LH:0
BRF:0
BRH:0
end_of_record
TN:
SF:src\routes\app.routes.tsx
FN:8,(anonymous_0)
FNF:1
FNH:0
FNDA:0,(anonymous_0)
DA:6,0
DA:8,0
DA:9,0
LF:3
LH:0
BRF:0
BRH:0
end_of_record
TN:
SF:src\routes\home.routes.tsx
FN:8,(anonymous_0)
FNF:1
FNH:0
FNDA:0,(anonymous_0)
DA:6,0
DA:8,0
DA:9,0
LF:3
LH:0
BRF:0
BRH:0
end_of_record
TN:
SF:src\routes\index.tsx
FN:9,(anonymous_0)
FNF:1
FNH:0
FNDA:0,(anonymous_0)
DA:9,0
DA:10,0
DA:12,0
DA:13,0
LF:4
LH:0
BRDA:15,0,0,0
BRDA:15,0,1,0
BRDA:16,1,0,0
BRDA:16,1,1,0
BRF:4
BRH:0
end_of_record
